{"/home/farah/gsg_narrowcast/src/database/db_connect.js":{"path":"/home/farah/gsg_narrowcast/src/database/db_connect.js","s":{"1":1,"2":1,"3":1,"4":1,"5":1,"6":1},"b":{},"f":{},"fnMap":{},"statementMap":{"1":{"start":{"line":1,"column":0},"end":{"line":1,"column":37}},"2":{"start":{"line":2,"column":0},"end":{"line":2,"column":32}},"3":{"start":{"line":4,"column":0},"end":{"line":4,"column":33}},"4":{"start":{"line":6,"column":0},"end":{"line":6,"column":24}},"5":{"start":{"line":7,"column":0},"end":{"line":7,"column":41}},"6":{"start":{"line":9,"column":0},"end":{"line":9,"column":44}}},"branchMap":{}},"/home/farah/gsg_narrowcast/src/database/db_build.js":{"path":"/home/farah/gsg_narrowcast/src/database/db_build.js","s":{"1":1,"2":1,"3":1,"4":1,"5":1,"6":1,"7":1,"8":1,"9":1},"b":{},"f":{},"fnMap":{},"statementMap":{"1":{"start":{"line":1,"column":0},"end":{"line":1,"column":45}},"2":{"start":{"line":3,"column":0},"end":{"line":3,"column":28}},"3":{"start":{"line":5,"column":0},"end":{"line":10,"column":3}},"4":{"start":{"line":12,"column":0},"end":{"line":21,"column":3}},"5":{"start":{"line":23,"column":0},"end":{"line":28,"column":3}},"6":{"start":{"line":30,"column":0},"end":{"line":30,"column":51}},"7":{"start":{"line":31,"column":0},"end":{"line":31,"column":53}},"8":{"start":{"line":32,"column":0},"end":{"line":32,"column":59}},"9":{"start":{"line":35,"column":0},"end":{"line":35,"column":45}}},"branchMap":{}}}