{"/home/farah/gsg_narrowcast/src/database/db_connect.js":{"path":"/home/farah/gsg_narrowcast/src/database/db_connect.js","s":{"1":1,"2":1,"3":1,"4":1,"5":1,"6":1},"b":{},"f":{},"fnMap":{},"statementMap":{"1":{"start":{"line":1,"column":0},"end":{"line":1,"column":56}},"2":{"start":{"line":2,"column":0},"end":{"line":2,"column":32}},"3":{"start":{"line":4,"column":0},"end":{"line":4,"column":33}},"4":{"start":{"line":6,"column":0},"end":{"line":6,"column":24}},"5":{"start":{"line":7,"column":0},"end":{"line":7,"column":41}},"6":{"start":{"line":9,"column":0},"end":{"line":9,"column":30}}},"branchMap":{}},"/home/farah/gsg_narrowcast/src/database/users_schema.js":{"path":"/home/farah/gsg_narrowcast/src/database/users_schema.js","s":{"1":1,"2":1,"3":1,"4":1},"b":{},"f":{},"fnMap":{},"statementMap":{"1":{"start":{"line":1,"column":0},"end":{"line":1,"column":37}},"2":{"start":{"line":4,"column":0},"end":{"line":9,"column":3}},"3":{"start":{"line":11,"column":0},"end":{"line":11,"column":51}},"4":{"start":{"line":14,"column":0},"end":{"line":14,"column":23}}},"branchMap":{}},"/home/farah/gsg_narrowcast/src/database/event_schema.js":{"path":"/home/farah/gsg_narrowcast/src/database/event_schema.js","s":{"1":1,"2":1,"3":1,"4":1},"b":{},"f":{},"fnMap":{},"statementMap":{"1":{"start":{"line":1,"column":0},"end":{"line":1,"column":37}},"2":{"start":{"line":4,"column":0},"end":{"line":13,"column":3}},"3":{"start":{"line":15,"column":0},"end":{"line":15,"column":53}},"4":{"start":{"line":18,"column":0},"end":{"line":18,"column":24}}},"branchMap":{}},"/home/farah/gsg_narrowcast/src/app.js":{"path":"/home/farah/gsg_narrowcast/src/app.js","s":{"1":1,"2":1,"3":1,"4":1,"5":1,"6":1,"7":1,"8":1,"9":1,"10":1,"11":1,"12":1,"13":1,"14":1,"15":1,"16":1,"17":1,"18":1},"b":{"1":[1,0]},"f":{},"fnMap":{},"statementMap":{"1":{"start":{"line":1,"column":0},"end":{"line":1,"column":35}},"2":{"start":{"line":2,"column":0},"end":{"line":2,"column":29}},"3":{"start":{"line":3,"column":0},"end":{"line":3,"column":45}},"4":{"start":{"line":4,"column":0},"end":{"line":4,"column":45}},"5":{"start":{"line":5,"column":0},"end":{"line":5,"column":45}},"6":{"start":{"line":6,"column":0},"end":{"line":6,"column":42}},"7":{"start":{"line":8,"column":0},"end":{"line":8,"column":22}},"8":{"start":{"line":10,"column":0},"end":{"line":10,"column":48}},"9":{"start":{"line":11,"column":0},"end":{"line":11,"column":30}},"10":{"start":{"line":12,"column":0},"end":{"line":17,"column":4}},"11":{"start":{"line":19,"column":0},"end":{"line":19,"column":52}},"12":{"start":{"line":20,"column":0},"end":{"line":20,"column":27}},"13":{"start":{"line":21,"column":0},"end":{"line":21,"column":62}},"14":{"start":{"line":22,"column":0},"end":{"line":22,"column":42}},"15":{"start":{"line":23,"column":0},"end":{"line":23,"column":21}},"16":{"start":{"line":24,"column":0},"end":{"line":24,"column":24}},"17":{"start":{"line":25,"column":0},"end":{"line":25,"column":27}},"18":{"start":{"line":27,"column":0},"end":{"line":27,"column":21}}},"branchMap":{"1":{"line":22,"type":"binary-expr","locations":[{"start":{"line":22,"column":16},"end":{"line":22,"column":32}},{"start":{"line":22,"column":36},"end":{"line":22,"column":40}}]}}},"/home/farah/gsg_narrowcast/src/controllers/index.js":{"path":"/home/farah/gsg_narrowcast/src/controllers/index.js","s":{"1":1,"2":1,"3":1,"4":1,"5":1,"6":1,"7":1,"8":1,"9":1},"b":{},"f":{},"fnMap":{},"statementMap":{"1":{"start":{"line":1,"column":0},"end":{"line":1,"column":35}},"2":{"start":{"line":2,"column":0},"end":{"line":2,"column":31}},"3":{"start":{"line":3,"column":0},"end":{"line":3,"column":40}},"4":{"start":{"line":4,"column":0},"end":{"line":4,"column":48}},"5":{"start":{"line":6,"column":0},"end":{"line":6,"column":32}},"6":{"start":{"line":8,"column":0},"end":{"line":8,"column":30}},"7":{"start":{"line":9,"column":0},"end":{"line":9,"column":50}},"8":{"start":{"line":10,"column":0},"end":{"line":10,"column":52}},"9":{"start":{"line":17,"column":0},"end":{"line":17,"column":24}}},"branchMap":{}},"/home/farah/gsg_narrowcast/src/controllers/home.js":{"path":"/home/farah/gsg_narrowcast/src/controllers/home.js","s":{"1":1,"2":1},"b":{},"f":{},"fnMap":{},"statementMap":{"1":{"start":{"line":1,"column":0},"end":{"line":3,"column":2}},"2":{"start":{"line":2,"column":2},"end":{"line":2,"column":21}}},"branchMap":{}},"/home/farah/gsg_narrowcast/src/controllers/error.js":{"path":"/home/farah/gsg_narrowcast/src/controllers/error.js","s":{"1":1,"2":0,"3":0,"4":1,"5":1},"b":{},"f":{},"fnMap":{},"statementMap":{"1":{"start":{"line":1,"column":0},"end":{"line":4,"column":2}},"2":{"start":{"line":2,"column":2},"end":{"line":2,"column":21}},"3":{"start":{"line":3,"column":2},"end":{"line":3,"column":107}},"4":{"start":{"line":6,"column":0},"end":{"line":8,"column":2}},"5":{"start":{"line":7,"column":2},"end":{"line":7,"column":120}}},"branchMap":{}},"/home/farah/gsg_narrowcast/src/controllers/update_events.js":{"path":"/home/farah/gsg_narrowcast/src/controllers/update_events.js","s":{"1":1,"2":1,"3":1,"4":1,"5":1,"6":0,"7":1,"8":0,"9":1,"10":1},"b":{"1":[0,1]},"f":{},"fnMap":{},"statementMap":{"1":{"start":{"line":1,"column":0},"end":{"line":1,"column":51}},"2":{"start":{"line":2,"column":0},"end":{"line":2,"column":55}},"3":{"start":{"line":4,"column":0},"end":{"line":28,"column":2}},"4":{"start":{"line":5,"column":4},"end":{"line":27,"column":29}},"5":{"start":{"line":22,"column":8},"end":{"line":22,"column":28}},"6":{"start":{"line":22,"column":17},"end":{"line":22,"column":28}},"7":{"start":{"line":25,"column":6},"end":{"line":25,"column":58}},"8":{"start":{"line":27,"column":18},"end":{"line":27,"column":27}},"9":{"start":{"line":30,"column":0},"end":{"line":32,"column":1}},"10":{"start":{"line":31,"column":2},"end":{"line":31,"column":30}}},"branchMap":{"1":{"line":22,"type":"if","locations":[{"start":{"line":22,"column":8},"end":{"line":22,"column":8}},{"start":{"line":22,"column":8},"end":{"line":22,"column":8}}]}}}}
