TN:
SF:/home/ishak/project1/gsg_narrowcast/src/database/db_connect.js
FNF:0
FNH:0
DA:1,1
DA:2,1
DA:4,1
DA:6,1
DA:8,1
DA:9,1
DA:11,1
LF:7
LH:7
BRF:0
BRH:0
end_of_record
TN:
SF:/home/ishak/project1/gsg_narrowcast/src/database/users_schema.js
FNF:0
FNH:0
DA:1,1
DA:4,1
DA:5,1
DA:6,1
DA:8,1
DA:10,1
LF:8
LH:8
BRF:0
BRH:0
end_of_record
TN:
SF:/home/farah/gsg_narrowcast/src/controllers/index.js
FNF:0
FNH:0
DA:1,1
DA:2,1
DA:3,1
DA:5,1
DA:8,1
DA:9,1
DA:11,1
DA:14,1
LF:4
LH:4
BRF:0
BRH:0
end_of_record
TN:
SF:/home/ishak/project1/gsg_narrowcast/src/database/event_schema.js
FNF:0
FNH:0
DA:1,1
DA:4,1
DA:15,1
DA:18,1
LF:4
LH:4
BRF:0
BRH:0
end_of_record
TN:
SF:/home/ishak/project1/gsg_narrowcast/src/app.js
FNF:0
FNH:0
DA:1,1
DA:5,1
DA:7,1
DA:8,1
DA:9,1
DA:16,1
DA:17,1
DA:18,1
DA:19,1
DA:22,1
LF:10
LH:10
BRDA:17,1,0,1
BRDA:17,1,1,0
BRF:2
BRH:1
end_of_record
TN:
SF:/home/ishak/project1/gsg_narrowcast/src/reqs.js
FNF:0
FNH:0
DA:1,1
DA:2,1
DA:3,1
DA:4,1
DA:5,1
DA:6,1
DA:8,1
DA:10,1
LF:8
LH:8
BRF:0
BRH:0
end_of_record
TN:
SF:/home/ishak/project1/gsg_narrowcast/src/controllers/index.js
FNF:0
FNH:0
DA:1,1
DA:2,1
DA:3,1
DA:4,1
DA:7,1
DA:9,1
DA:10,1
DA:13,1
LF:8
LH:8
BRF:0
BRH:0
end_of_record
TN:
SF:/home/ishak/project1/gsg_narrowcast/src/controllers/viewEvents.js
FNF:0
FNH:0
DA:1,1
DA:2,1
DA:4,1
DA:5,2
DA:6,2
DA:7,2
DA:8,0
LF:7
LH:6
BRF:0
BRH:0
end_of_record
TN:
SF:/home/ishak/project1/gsg_narrowcast/src/controllers/home.js
FNF:0
FNH:0
DA:1,1
DA:2,2
LF:2
LH:2
BRF:0
BRH:0
end_of_record
TN:
SF:/home/ishak/project1/gsg_narrowcast/src/controllers/error.js
FNF:0
FNH:0
DA:1,1
DA:2,0
DA:5,1
DA:6,2
LF:4
LH:3
BRF:0
BRH:0
end_of_record
